<?xml version="1.0" encoding="UTF-8"?>
<testsuite xmlns:xsi="http://www.w3.org/2001/XMLSchema-instance" xsi:noNamespaceSchemaLocation="https://maven.apache.org/surefire/maven-surefire-plugin/xsd/surefire-test-report.xsd" version="3.0.1" name="com.focusflow.timer.PomodoroTimerTest" time="3.563" tests="9" errors="0" skipped="0" failures="0">
  <properties>
[...]
</properties>
  <testcase name="testStopTimer" classname="com.focusflow.timer.PomodoroTimerTest" time="0.121"/>
  <testcase name="testTimerCompletion" classname="com.focusflow.timer.PomodoroTimerTest" time="1.004"/>
  <testcase name="testPauseTimer" classname="com.focusflow.timer.PomodoroTimerTest" time="0.105"/>
  <testcase name="testResumeTimer" classname="com.focusflow.timer.PomodoroTimerTest" time="0.206"/>
  <testcase name="testTimerTickEvents" classname="com.focusflow.timer.PomodoroTimerTest" time="2.003"/>
  <testcase name="testInitialState" classname="com.focusflow.timer.PomodoroTimerTest" time="0.002"/>
  <testcase name="testTimerTypeChanges" classname="com.focusflow.timer.PomodoroTimerTest" time="0.001"/>
  <testcase name="testResetTimer" classname="com.focusflow.timer.PomodoroTimerTest" time="0.105"/>
  <testcase name="testStartTimer" classname="com.focusflow.timer.PomodoroTimerTest" time="0.002"/>
</testsuite>